
  2026-03-14T23:08:16.0
71+07:00  INFO 35064 
--- [           main] j
.LocalContainerEntityMa
nagerFactoryBean : 
Initialized JPA 
EntityManagerFactory 
for persistence unit 
'default'
  2026-03-14T23:08:16.1
17+07:00  INFO 35064 
--- [           main] o
.s.d.j.r.query.QueryEnh
ancerFactories   : 
Hibernate is in 
classpath; If 
applicable, HQL parser 
will be used.
  2026-03-14T23:08:16.7
78+07:00  INFO 35064 
--- [           main] e
AuthenticationProviderM
anagerConfigurer : 
Global 
AuthenticationManager 
configured with 
AuthenticationProvider 
bean with name 
authenticationProvider
> 2026-03-14T23:08:16.7
78+07:00  WARN 35064 
--- [           main] r
$InitializeUserDetailsM
anagerConfigurer : 
Global 
AuthenticationManager 
configured with an 
AuthenticationProvider 
bean. 
UserDetailsService 
beans will not be used 
by Spring Security for 
automatically 
configuring 
username/password 
login. Consider 
removing the 
AuthenticationProvider 
bean. Alternatively, 
consider using the 
UserDetailsService in 
a manually 
instantiated DaoAuthent
icationProvider. If 
the current 
configuration is 
intentional, to turn 
off this warning, 
increase the logging 
level of 'org.springfra
mework.security.config.
annotation.authenticati
on.configuration.Initia
lizeUserDetailsBeanMana
gerConfigurer' to ERROR
> 2026-03-14T23:08:16.8
21+07:00  WARN 35064 
--- [           main] C
onfigServletWebServerAp
plicationContext : 
Exception encountered 
during context 
initialization - 
cancelling refresh 
attempt: org.springfram
ework.beans.factory.Uns
atisfiedDependencyExcep
tion: Error creating 
bean with name 
'bookingController' 
defined in file 
[D:\clone repo\WebProje
ct\backend\ticket-booki
ng\target\classes\com\b
ooking\api\controller\B
ookingController.class]
: Unsatisfied 
dependency expressed 
through constructor 
parameter 0: Error 
creating bean with 
name 'bookingService' 
defined in file 
[D:\clone repo\WebProje
ct\backend\ticket-booki
ng\target\classes\com\b
ooking\api\service\Book
ingService.class]: 
Unsatisfied dependency 
expressed through 
constructor parameter 
6: No qualifying bean 
of type 'com.booking.ap
i.mapper.BookingMapper'
 available: expected 
at least 1 bean which 
qualifies as autowire 
candidate. Dependency 
annotations: {}
  2026-03-14T23:08:16.8
22+07:00  INFO 35064 
--- [           main] j
.LocalContainerEntityMa
nagerFactoryBean : 
Closing JPA 
EntityManagerFactory 
for persistence unit 
'default'
  2026-03-14T23:08:16.8
25+07:00  INFO 35064 
--- [           main] c
om.zaxxer.hikari.Hikari
DataSource       : 
HikariPool-1 - 
Shutdown initiated...
  2026-03-14T23:08:16.8
27+07:00  INFO 35064 
--- [           main] c
om.zaxxer.hikari.Hikari
DataSource       : 
HikariPool-1 - 
Shutdown completed.
  2026-03-14T23:08:16.8
29+07:00  INFO 35064 
--- [           main] o
.apache.catalina.core.S
tandardService   : 
Stopping service 
[Tomcat]
  2026-03-14T23:08:16.8
34+07:00  INFO 35064 
--- [           main] .
s.b.a.l.ConditionEvalua
tionReportLogger : 
  
> Error starting 
ApplicationContext. To 
display the condition 
evaluation report 
re-run your 
application with 
'debug' enabled.
> 2026-03-14T23:08:16.8
44+07:00 ERROR 35064 
--- [           main] o
.s.b.d.LoggingFailureAn
alysisReporter   : 
  
  *********************
******
  APPLICATION FAILED 
TO START
  *********************
******
  
  [INFO] Total time:  
6.160 s
  [INFO] Finished at: 2
026-03-14T23:08:16+07:0
0
  [INFO] --------------
-----------------------
-----------------------
------------
> [ERROR] Failed to 
execute goal org.spring
framework.boot:spring-b
oot-maven-plugin:4.0.3:
run (default-cli) on 
project api: Process 
terminated with exit 
code: 1 -> [Help 1]
> [ERROR] 
> [ERROR] To see the 
full stack trace of 
the errors, re-run 
Maven with the -e 
switch.
> [ERROR] Re-run Maven 
using the -X switch to 
enable full debug 
logging.
> [ERROR] 
> [ERROR] For more 
information about the 
errors and possible 
solutions, please read 
the following articles:
> [ERROR] [Help 1] http
://cwiki.apache.org/con
fluence/display/MAVEN/M
ojoExecutionException


